MyV600Application/app/build/outputs/logs/manifest-merger-debug-report.txt
-- Merging decision tree log ---
manifest
ADDED from src\main\AndroidManifest.xml:2:1-38:12
INJECTED from src\main\AndroidManifest.xml:2:1-38:12
INJECTED from src\main\AndroidManifest.xml:2:1-38:12
INJECTED from src\main\AndroidManifest.xml:2:1-38:12
MERGED from [com.google.android.material:material:1.0.0] AndroidManifest.xml:17:1-24:12
MERGED from [androidx.appcompat:appcompat:1.0.2] AndroidManifest.xml:17:1-22:12
MERGED from [androidx.constraintlayout:constraintlayout:1.1.3] AndroidManifest.xml:2:1-11:12
MERGED from [com.android.volley:volley:1.1.0] AndroidManifest.xml:2:1-11:12
MERGED from [androidx.fragment:fragment:1.0.0] AndroidManifest.xml:17:1-22:12
MERGED from [androidx.vectordrawable:vectordrawable-animated:1.0.0] AndroidManifest.xml:17:1-22:12
MERGED from [androidx.recyclerview:recyclerview:1.0.0] AndroidManifest.xml:17:1-22:12
MERGED from [androidx.legacy:legacy-support-core-ui:1.0.0] AndroidManifest.xml:17:1-22:12
MERGED from [androidx.legacy:legacy-support-core-utils:1.0.0] AndroidManifest.xml:17:1-22:12
MERGED from [androidx.vectordrawable:vectordrawable:1.0.1] AndroidManifest.xml:17:1-22:12
MERGED from [androidx.transition:transition:1.0.0] AndroidManifest.xml:17:1-22:12
MERGED from [androidx.loader:loader:1.0.0] AndroidManifest.xml:17:1-22:12
MERGED from [androidx.viewpager:viewpager:1.0.0] AndroidManifest.xml:17:1-22:12
MERGED from [androidx.coordinatorlayout:coordinatorlayout:1.0.0] AndroidManifest.xml:17:1-22:12
MERGED from [androidx.drawerlayout:drawerlayout:1.0.0] AndroidManifest.xml:17:1-22:12
MERGED from [androidx.slidingpanelayout:slidingpanelayout:1.0.0] AndroidManifest.xml:17:1-22:12
MERGED from [androidx.customview:customview:1.0.0] AndroidManifest.xml:17:1-22:12
MERGED from [androidx.swiperefreshlayout:swiperefreshlayout:1.0.0] AndroidManifest.xml:17:1-22:12
MERGED from [androidx.asynclayoutinflater:asynclayoutinflater:1.0.0] AndroidManifest.xml:17:1-22:12
MERGED from [androidx.core:core:1.0.1] AndroidManifest.xml:17:1-24:12
MERGED from [androidx.versionedparcelable:versionedparcelable:1.0.0] AndroidManifest.xml:17:1-25:12
MERGED from [androidx.cursoradapter:cursoradapter:1.0.0] AndroidManifest.xml:17:1-22:12
MERGED from [androidx.cardview:cardview:1.0.0] AndroidManifest.xml:17:1-22:12
MERGED from [androidx.lifecycle:lifecycle-runtime:2.0.0] AndroidManifest.xml:17:1-22:12
MERGED from [androidx.documentfile:documentfile:1.0.0] AndroidManifest.xml:17:1-22:12
MERGED from [androidx.localbroadcastmanager:localbroadcastmanager:1.0.0] AndroidManifest.xml:17:1-22:12
MERGED from [androidx.print:print:1.0.0] AndroidManifest.xml:17:1-22:12
MERGED from [androidx.lifecycle:lifecycle-viewmodel:2.0.0] AndroidManifest.xml:17:1-22:12
MERGED from [androidx.interpolator:interpolator:1.0.0] AndroidManifest.xml:17:1-22:12
MERGED from [androidx.lifecycle:lifecycle-livedata:2.0.0] AndroidManifest.xml:17:1-22:12
MERGED from [androidx.lifecycle:lifecycle-livedata-core:2.0.0] AndroidManifest.xml:17:1-22:12
MERGED from [androidx.arch.core:core-runtime:2.0.0] AndroidManifest.xml:17:1-22:12
INJECTED from src\main\AndroidManifest.xml:2:1-38:12
INJECTED from src\main\AndroidManifest.xml:2:1-38:12
INJECTED from src\main\AndroidManifest.xml:2:1-38:12
	package
		ADDED from src\main\AndroidManifest.xml:3:5-49
		INJECTED from src\main\AndroidManifest.xml
		INJECTED from src\main\AndroidManifest.xml
	android:versionName
		INJECTED from src\main\AndroidManifest.xml
		ADDED from src\main\AndroidManifest.xml:2:1-38:12
		INJECTED from src\main\AndroidManifest.xml
	android:versionCode
		INJECTED from src\main\AndroidManifest.xml
		ADDED from src\main\AndroidManifest.xml:2:1-38:12
		INJECTED from src\main\AndroidManifest.xml
	xmlns:android
		ADDED from src\main\AndroidManifest.xml:2:11-69
uses-permission#android.permission.INTERNET
ADDED from src\main\AndroidManifest.xml:5:5-67
	android:name
		ADDED from src\main\AndroidManifest.xml:5:22-64
application
ADDED from src\main\AndroidManifest.xml:7:5-36:19
MERGED from [com.google.android.material:material:1.0.0] AndroidManifest.xml:22:5-20
MERGED from [com.google.android.material:material:1.0.0] AndroidManifest.xml:22:5-20
MERGED from [androidx.constraintlayout:constraintlayout:1.1.3] AndroidManifest.xml:9:5-20
MERGED from [androidx.constraintlayout:constraintlayout:1.1.3] AndroidManifest.xml:9:5-20
MERGED from [com.android.volley:volley:1.1.0] AndroidManifest.xml:9:5-20
MERGED from [com.android.volley:volley:1.1.0] AndroidManifest.xml:9:5-20
MERGED from [androidx.core:core:1.0.1] AndroidManifest.xml:22:5-89
MERGED from [androidx.core:core:1.0.1] AndroidManifest.xml:22:5-89
MERGED from [androidx.versionedparcelable:versionedparcelable:1.0.0] AndroidManifest.xml:22:5-23:19
MERGED from [androidx.versionedparcelable:versionedparcelable:1.0.0] AndroidManifest.xml:22:5-23:19
	android:appComponentFactory
		ADDED from [androidx.core:core:1.0.1] AndroidManifest.xml:22:18-86
	android:supportsRtl
		ADDED from src\main\AndroidManifest.xml:12:9-35
	android:label
		ADDED from src\main\AndroidManifest.xml:10:9-41
	android:roundIcon
		ADDED from src\main\AndroidManifest.xml:11:9-46
	android:icon
		ADDED from src\main\AndroidManifest.xml:9:9-41
	android:allowBackup
		ADDED from src\main\AndroidManifest.xml:8:9-35
	android:theme
		ADDED from src\main\AndroidManifest.xml:13:9-40
activity#com.yepsolutions.myv600application.home_page.HelpActivity
ADDED from src\main\AndroidManifest.xml:14:9-69
	android:name
		ADDED from src\main\AndroidManifest.xml:14:19-57
activity#com.yepsolutions.myv600application.home_page.SettingsActivity
ADDED from src\main\AndroidManifest.xml:15:9-64
	android:name
		ADDED from src\main\AndroidManifest.xml:15:19-61
activity#com.yepsolutions.myv600application.home_page.MapActivity
ADDED from src\main\AndroidManifest.xml:16:9-59
	android:name
		ADDED from src\main\AndroidManifest.xml:16:19-56
activity#com.yepsolutions.myv600application.home_page.UserActivity
ADDED from src\main\AndroidManifest.xml:17:9-60
	android:name
		ADDED from src\main\AndroidManifest.xml:17:19-57
activity#com.yepsolutions.myv600application.home_page.ScheduleActivity
ADDED from src\main\AndroidManifest.xml:18:9-21:59
	android:label
		ADDED from src\main\AndroidManifest.xml:20:13-60
	android:theme
		ADDED from src\main\AndroidManifest.xml:21:13-56
	android:name
		ADDED from src\main\AndroidManifest.xml:19:13-55
activity#com.yepsolutions.myv600application.home_page.ManageCreditActivity
ADDED from src\main\AndroidManifest.xml:22:9-25:59
	android:label
		ADDED from src\main\AndroidManifest.xml:24:13-65
	android:theme
		ADDED from src\main\AndroidManifest.xml:25:13-56
	android:name
		ADDED from src\main\AndroidManifest.xml:23:13-59
activity#com.yepsolutions.myv600application.LoginActivity
ADDED from src\main\AndroidManifest.xml:26:9-32:20
	android:name
		ADDED from src\main\AndroidManifest.xml:26:19-48
intent-filter#action:name:android.intent.action.MAIN+category:name:android.intent.category.LAUNCHER
ADDED from src\main\AndroidManifest.xml:27:13-31:29
action#android.intent.action.MAIN
ADDED from src\main\AndroidManifest.xml:28:17-69
	android:name
		ADDED from src\main\AndroidManifest.xml:28:25-66
category#android.intent.category.LAUNCHER
ADDED from src\main\AndroidManifest.xml:30:17-77
	android:name
		ADDED from src\main\AndroidManifest.xml:30:27-74
activity#com.yepsolutions.myv600application.UserAreaActivity
ADDED from src\main\AndroidManifest.xml:33:9-54
	android:name
		ADDED from src\main\AndroidManifest.xml:33:19-51
activity#com.yepsolutions.myv600application.MainActivity
ADDED from src\main\AndroidManifest.xml:34:9-50
	android:name
		ADDED from src\main\AndroidManifest.xml:34:19-47
activity#com.yepsolutions.myv600application.RegisterActivity
ADDED from src\main\AndroidManifest.xml:35:9-54
	android:name
		ADDED from src\main\AndroidManifest.xml:35:19-51
uses-sdk
INJECTED from src\main\AndroidManifest.xml reason: use-sdk injection requested
INJECTED from src\main\AndroidManifest.xml
INJECTED from src\main\AndroidManifest.xml
MERGED from [com.google.android.material:material:1.0.0] AndroidManifest.xml:20:5-44
MERGED from [com.google.android.material:material:1.0.0] AndroidManifest.xml:20:5-44
MERGED from [androidx.appcompat:appcompat:1.0.2] AndroidManifest.xml:20:5-44
MERGED from [androidx.appcompat:appcompat:1.0.2] AndroidManifest.xml:20:5-44
MERGED from [androidx.constraintlayout:constraintlayout:1.1.3] AndroidManifest.xml:5:5-7:41
MERGED from [androidx.constraintlayout:constraintlayout:1.1.3] AndroidManifest.xml:5:5-7:41
MERGED from [com.android.volley:volley:1.1.0] AndroidManifest.xml:7:5-43
MERGED from [com.android.volley:volley:1.1.0] AndroidManifest.xml:7:5-43
MERGED from [androidx.fragment:fragment:1.0.0] AndroidManifest.xml:20:5-44
MERGED from [androidx.fragment:fragment:1.0.0] AndroidManifest.xml:20:5-44
MERGED from [androidx.vectordrawable:vectordrawable-animated:1.0.0] AndroidManifest.xml:20:5-44
MERGED from [androidx.vectordrawable:vectordrawable-animated:1.0.0] AndroidManifest.xml:20:5-44
MERGED from [androidx.recyclerview:recyclerview:1.0.0] AndroidManifest.xml:20:5-44
MERGED from [androidx.recyclerview:recyclerview:1.0.0] AndroidManifest.xml:20:5-44
MERGED from [androidx.legacy:legacy-support-core-ui:1.0.0] AndroidManifest.xml:20:5-44
MERGED from [androidx.legacy:legacy-support-core-ui:1.0.0] AndroidManifest.xml:20:5-44
MERGED from [androidx.legacy:legacy-support-core-utils:1.0.0] AndroidManifest.xml:20:5-44
MERGED from [androidx.legacy:legacy-support-core-utils:1.0.0] AndroidManifest.xml:20:5-44
MERGED from [androidx.vectordrawable:vectordrawable:1.0.1] AndroidManifest.xml:20:5-44
MERGED from [androidx.vectordrawable:vectordrawable:1.0.1] AndroidManifest.xml:20:5-44
MERGED from [androidx.transition:transition:1.0.0] AndroidManifest.xml:20:5-44
MERGED from [androidx.transition:transition:1.0.0] AndroidManifest.xml:20:5-44
MERGED from [androidx.loader:loader:1.0.0] AndroidManifest.xml:20:5-44
MERGED from [androidx.loader:loader:1.0.0] AndroidManifest.xml:20:5-44
MERGED from [androidx.viewpager:viewpager:1.0.0] AndroidManifest.xml:20:5-44
MERGED from [androidx.viewpager:viewpager:1.0.0] AndroidManifest.xml:20:5-44
MERGED from [androidx.coordinatorlayout:coordinatorlayout:1.0.0] AndroidManifest.xml:20:5-44
MERGED from [androidx.coordinatorlayout:coordinatorlayout:1.0.0] AndroidManifest.xml:20:5-44
MERGED from [androidx.drawerlayout:drawerlayout:1.0.0] AndroidManifest.xml:20:5-44
MERGED from [androidx.drawerlayout:drawerlayout:1.0.0] AndroidManifest.xml:20:5-44
MERGED from [androidx.slidingpanelayout:slidingpanelayout:1.0.0] AndroidManifest.xml:20:5-44
MERGED from [androidx.slidingpanelayout:slidingpanelayout:1.0.0] AndroidManifest.xml:20:5-44
MERGED from [androidx.customview:customview:1.0.0] AndroidManifest.xml:20:5-44
MERGED from [androidx.customview:customview:1.0.0] AndroidManifest.xml:20:5-44
MERGED from [androidx.swiperefreshlayout:swiperefreshlayout:1.0.0] AndroidManifest.xml:20:5-44
MERGED from [androidx.swiperefreshlayout:swiperefreshlayout:1.0.0] AndroidManifest.xml:20:5-44
MERGED from [androidx.asynclayoutinflater:asynclayoutinflater:1.0.0] AndroidManifest.xml:20:5-44
MERGED from [androidx.asynclayoutinflater:asynclayoutinflater:1.0.0] AndroidManifest.xml:20:5-44
MERGED from [androidx.core:core:1.0.1] AndroidManifest.xml:20:5-44
MERGED from [androidx.core:core:1.0.1] AndroidManifest.xml:20:5-44
MERGED from [androidx.versionedparcelable:versionedparcelable:1.0.0] AndroidManifest.xml:20:5-44
MERGED from [androidx.versionedparcelable:versionedparcelable:1.0.0] AndroidManifest.xml:20:5-44
MERGED from [androidx.cursoradapter:cursoradapter:1.0.0] AndroidManifest.xml:20:5-44
MERGED from [androidx.cursoradapter:cursoradapter:1.0.0] AndroidManifest.xml:20:5-44
MERGED from [androidx.cardview:cardview:1.0.0] AndroidManifest.xml:20:5-44
MERGED from [androidx.cardview:cardview:1.0.0] AndroidManifest.xml:20:5-44
MERGED from [androidx.lifecycle:lifecycle-runtime:2.0.0] AndroidManifest.xml:20:5-44
MERGED from [androidx.lifecycle:lifecycle-runtime:2.0.0] AndroidManifest.xml:20:5-44
MERGED from [androidx.documentfile:documentfile:1.0.0] AndroidManifest.xml:20:5-44
MERGED from [androidx.documentfile:documentfile:1.0.0] AndroidManifest.xml:20:5-44
MERGED from [androidx.localbroadcastmanager:localbroadcastmanager:1.0.0] AndroidManifest.xml:20:5-44
MERGED from [androidx.localbroadcastmanager:localbroadcastmanager:1.0.0] AndroidManifest.xml:20:5-44
MERGED from [androidx.print:print:1.0.0] AndroidManifest.xml:20:5-44
MERGED from [androidx.print:print:1.0.0] AndroidManifest.xml:20:5-44
MERGED from [androidx.lifecycle:lifecycle-viewmodel:2.0.0] AndroidManifest.xml:20:5-44
MERGED from [androidx.lifecycle:lifecycle-viewmodel:2.0.0] AndroidManifest.xml:20:5-44
MERGED from [androidx.interpolator:interpolator:1.0.0] AndroidManifest.xml:20:5-44
MERGED from [androidx.interpolator:interpolator:1.0.0] AndroidManifest.xml:20:5-44
MERGED from [androidx.lifecycle:lifecycle-livedata:2.0.0] AndroidManifest.xml:20:5-44
MERGED from [androidx.lifecycle:lifecycle-livedata:2.0.0] AndroidManifest.xml:20:5-44
MERGED from [androidx.lifecycle:lifecycle-livedata-core:2.0.0] AndroidManifest.xml:20:5-44
MERGED from [androidx.lifecycle:lifecycle-livedata-core:2.0.0] AndroidManifest.xml:20:5-44
MERGED from [androidx.arch.core:core-runtime:2.0.0] AndroidManifest.xml:20:5-44
MERGED from [androidx.arch.core:core-runtime:2.0.0] AndroidManifest.xml:20:5-44
INJECTED from src\main\AndroidManifest.xml
INJECTED from src\main\AndroidManifest.xml
	android:targetSdkVersion
		INJECTED from src\main\AndroidManifest.xml
		ADDED from src\main\AndroidManifest.xml
		INJECTED from src\main\AndroidManifest.xml
	android:minSdkVersion
		INJECTED from src\main\AndroidManifest.xml
		ADDED from src\main\AndroidManifest.xml
		INJECTED from src\main\AndroidManifest.xml